Build started 7/17/2015 3:00:53 PM.
     1>Project "C:\Users\student\Desktop\Alexander Z\SomeStuff\SFML Template1\SFML Template1\SFML Template1.vcxproj" on node 2 (Build target(s)).
     1>ClCompile:
         C:\Program Files (x86)\Microsoft Visual Studio 12.0\VC\bin\CL.exe /c /ZI /nologo /W3 /WX- /sdl /Od /Oy- /D WIN32 /D _DEBUG /D _CONSOLE /D _LIB /D _UNICODE /D UNICODE /Gm /EHsc /RTC1 /MDd /GS /fp:precise /Zc:wchar_t /Zc:forScope /Fo"Debug\\" /Fd"Debug\vc120.pdb" /Gd /TP /analyze- /errorReport:prompt Main.cpp
         Main.cpp
     1>c:\users\student\desktop\alexander z\somestuff\sfml template1\sfml template1\main.cpp(153): warning C4305: 'argument' : truncation from 'double' to 'float'
     1>c:\users\student\desktop\alexander z\somestuff\sfml template1\sfml template1\main.cpp(155): warning C4305: 'argument' : truncation from 'double' to 'float'
     1>c:\users\student\desktop\alexander z\somestuff\sfml template1\sfml template1\main.cpp(157): warning C4305: 'argument' : truncation from 'double' to 'float'
     1>c:\users\student\desktop\alexander z\somestuff\sfml template1\sfml template1\main.cpp(190): warning C4305: 'argument' : truncation from 'double' to 'float'
     1>c:\users\student\desktop\alexander z\somestuff\sfml template1\sfml template1\main.cpp(191): warning C4305: 'argument' : truncation from 'double' to 'float'
     1>c:\users\student\desktop\alexander z\somestuff\sfml template1\sfml template1\main.cpp(205): warning C4305: 'argument' : truncation from 'double' to 'float'
     1>c:\users\student\desktop\alexander z\somestuff\sfml template1\sfml template1\main.cpp(207): warning C4305: 'argument' : truncation from 'double' to 'float'
     1>c:\users\student\desktop\alexander z\somestuff\sfml template1\sfml template1\main.cpp(219): warning C4305: 'argument' : truncation from 'double' to 'float'
     1>c:\users\student\desktop\alexander z\somestuff\sfml template1\sfml template1\main.cpp(221): warning C4305: 'argument' : truncation from 'double' to 'float'
     1>c:\users\student\desktop\alexander z\somestuff\sfml template1\sfml template1\main.cpp(246): warning C4305: 'argument' : truncation from 'double' to 'float'
       Link:
         C:\Program Files (x86)\Microsoft Visual Studio 12.0\VC\bin\link.exe /ERRORREPORT:PROMPT /OUT:"C:\Users\student\Desktop\Alexander Z\SomeStuff\SFML Template1\Debug\SFML Template1.exe" /INCREMENTAL /NOLOGO "sfml-graphics-d.lib" "sfml-audio-d.lib" "sfml-network-d.lib" "sfml-window-d.lib" "sfml-system-d.lib" kernel32.lib user32.lib gdi32.lib winspool.lib comdlg32.lib advapi32.lib shell32.lib ole32.lib oleaut32.lib uuid.lib odbc32.lib odbccp32.lib kernel32.lib user32.lib gdi32.lib winspool.lib comdlg32.lib advapi32.lib shell32.lib ole32.lib oleaut32.lib uuid.lib odbc32.lib odbccp32.lib /MANIFEST /MANIFESTUAC:"level='asInvoker' uiAccess='false'" /manifest:embed /DEBUG /PDB:"C:\Users\student\Desktop\Alexander Z\SomeStuff\SFML Template1\Debug\SFML Template1.pdb" /SUBSYSTEM:CONSOLE /TLBID:1 /DYNAMICBASE /NXCOMPAT /IMPLIB:"C:\Users\student\Desktop\Alexander Z\SomeStuff\SFML Template1\Debug\SFML Template1.lib" /MACHINE:X86 Debug\Main.obj
         Debug\Player.obj
         Debug\Powerups.obj
         Debug\Stages.obj
         SFML Template1.vcxproj -> C:\Users\student\Desktop\Alexander Z\SomeStuff\SFML Template1\Debug\SFML Template1.exe
     1>Done Building Project "C:\Users\student\Desktop\Alexander Z\SomeStuff\SFML Template1\SFML Template1\SFML Template1.vcxproj" (Build target(s)).

Build succeeded.

Time Elapsed 00:00:00.87
